{"$message_type":"diagnostic","message":"no variant named `Resize` found for enum `Message`","code":{"code":"E0599","explanation":"This error occurs when a method is used on a type which doesn't implement it:\n\nErroneous code example:\n\n```compile_fail,E0599\nstruct Mouth;\n\nlet x = Mouth;\nx.chocolate(); // error: no method named `chocolate` found for type `Mouth`\n               //        in the current scope\n```\n\nIn this case, you need to implement the `chocolate` method to fix the error:\n\n```\nstruct Mouth;\n\nimpl Mouth {\n    fn chocolate(&self) { // We implement the `chocolate` method here.\n        println!(\"Hmmm! I love chocolate!\");\n    }\n}\n\nlet x = Mouth;\nx.chocolate(); // ok!\n```\n"},"level":"error","spans":[{"file_name":"exercises/08_enums/enums2.rs","byte_start":274,"byte_end":280,"line_start":20,"line_end":20,"column_start":18,"column_end":24,"is_primary":true,"text":[{"text":"        Message::Resize {","highlight_start":18,"highlight_end":24}],"label":"variant not found in `Message`","suggested_replacement":null,"suggestion_applicability":null,"expansion":null},{"file_name":"exercises/08_enums/enums2.rs","byte_start":76,"byte_end":88,"line_start":8,"line_end":8,"column_start":1,"column_end":13,"is_primary":false,"text":[{"text":"enum Message {","highlight_start":1,"highlight_end":13}],"label":"variant `Resize` not found here","suggested_replacement":null,"suggestion_applicability":null,"expansion":null}],"children":[],"rendered":"\u001b[1m\u001b[91merror[E0599]\u001b[0m\u001b[1m: no variant named `Resize` found for enum `Message`\u001b[0m\n  \u001b[1m\u001b[94m--> \u001b[0mexercises/08_enums/enums2.rs:20:18\n   \u001b[1m\u001b[94m|\u001b[0m\n \u001b[1m\u001b[94m8\u001b[0m \u001b[1m\u001b[94m|\u001b[0m enum Message {\n   \u001b[1m\u001b[94m|\u001b[0m \u001b[1m\u001b[94m------------\u001b[0m \u001b[1m\u001b[94mvariant `Resize` not found here\u001b[0m\n\u001b[1m\u001b[94m...\u001b[0m\n\u001b[1m\u001b[94m20\u001b[0m \u001b[1m\u001b[94m|\u001b[0m         Message::Resize {\n   \u001b[1m\u001b[94m|\u001b[0m                  \u001b[1m\u001b[91m^^^^^^\u001b[0m \u001b[1m\u001b[91mvariant not found in `Message`\u001b[0m\n\n"}
{"$message_type":"diagnostic","message":"no variant or associated item named `Move` found for enum `Message` in the current scope","code":{"code":"E0599","explanation":"This error occurs when a method is used on a type which doesn't implement it:\n\nErroneous code example:\n\n```compile_fail,E0599\nstruct Mouth;\n\nlet x = Mouth;\nx.chocolate(); // error: no method named `chocolate` found for type `Mouth`\n               //        in the current scope\n```\n\nIn this case, you need to implement the `chocolate` method to fix the error:\n\n```\nstruct Mouth;\n\nimpl Mouth {\n    fn chocolate(&self) { // We implement the `chocolate` method here.\n        println!(\"Hmmm! I love chocolate!\");\n    }\n}\n\nlet x = Mouth;\nx.chocolate(); // ok!\n```\n"},"level":"error","spans":[{"file_name":"exercises/08_enums/enums2.rs","byte_start":358,"byte_end":362,"line_start":24,"line_end":24,"column_start":18,"column_end":22,"is_primary":true,"text":[{"text":"        Message::Move(Point { x: 10, y: 15 }),","highlight_start":18,"highlight_end":22}],"label":"variant or associated item not found in `Message`","suggested_replacement":null,"suggestion_applicability":null,"expansion":null},{"file_name":"exercises/08_enums/enums2.rs","byte_start":76,"byte_end":88,"line_start":8,"line_end":8,"column_start":1,"column_end":13,"is_primary":false,"text":[{"text":"enum Message {","highlight_start":1,"highlight_end":13}],"label":"variant or associated item `Move` not found for this enum","suggested_replacement":null,"suggestion_applicability":null,"expansion":null}],"children":[],"rendered":"\u001b[1m\u001b[91merror[E0599]\u001b[0m\u001b[1m: no variant or associated item named `Move` found for enum `Message` in the current scope\u001b[0m\n  \u001b[1m\u001b[94m--> \u001b[0mexercises/08_enums/enums2.rs:24:18\n   \u001b[1m\u001b[94m|\u001b[0m\n \u001b[1m\u001b[94m8\u001b[0m \u001b[1m\u001b[94m|\u001b[0m enum Message {\n   \u001b[1m\u001b[94m|\u001b[0m \u001b[1m\u001b[94m------------\u001b[0m \u001b[1m\u001b[94mvariant or associated item `Move` not found for this enum\u001b[0m\n\u001b[1m\u001b[94m...\u001b[0m\n\u001b[1m\u001b[94m24\u001b[0m \u001b[1m\u001b[94m|\u001b[0m         Message::Move(Point { x: 10, y: 15 }),\n   \u001b[1m\u001b[94m|\u001b[0m                  \u001b[1m\u001b[91m^^^^\u001b[0m \u001b[1m\u001b[91mvariant or associated item not found in `Message`\u001b[0m\n\n"}
{"$message_type":"diagnostic","message":"no variant or associated item named `Echo` found for enum `Message` in the current scope","code":{"code":"E0599","explanation":"This error occurs when a method is used on a type which doesn't implement it:\n\nErroneous code example:\n\n```compile_fail,E0599\nstruct Mouth;\n\nlet x = Mouth;\nx.chocolate(); // error: no method named `chocolate` found for type `Mouth`\n               //        in the current scope\n```\n\nIn this case, you need to implement the `chocolate` method to fix the error:\n\n```\nstruct Mouth;\n\nimpl Mouth {\n    fn chocolate(&self) { // We implement the `chocolate` method here.\n        println!(\"Hmmm! I love chocolate!\");\n    }\n}\n\nlet x = Mouth;\nx.chocolate(); // ok!\n```\n"},"level":"error","spans":[{"file_name":"exercises/08_enums/enums2.rs","byte_start":405,"byte_end":409,"line_start":25,"line_end":25,"column_start":18,"column_end":22,"is_primary":true,"text":[{"text":"        Message::Echo(String::from(\"hello world\")),","highlight_start":18,"highlight_end":22}],"label":"variant or associated item not found in `Message`","suggested_replacement":null,"suggestion_applicability":null,"expansion":null},{"file_name":"exercises/08_enums/enums2.rs","byte_start":76,"byte_end":88,"line_start":8,"line_end":8,"column_start":1,"column_end":13,"is_primary":false,"text":[{"text":"enum Message {","highlight_start":1,"highlight_end":13}],"label":"variant or associated item `Echo` not found for this enum","suggested_replacement":null,"suggestion_applicability":null,"expansion":null}],"children":[],"rendered":"\u001b[1m\u001b[91merror[E0599]\u001b[0m\u001b[1m: no variant or associated item named `Echo` found for enum `Message` in the current scope\u001b[0m\n  \u001b[1m\u001b[94m--> \u001b[0mexercises/08_enums/enums2.rs:25:18\n   \u001b[1m\u001b[94m|\u001b[0m\n \u001b[1m\u001b[94m8\u001b[0m \u001b[1m\u001b[94m|\u001b[0m enum Message {\n   \u001b[1m\u001b[94m|\u001b[0m \u001b[1m\u001b[94m------------\u001b[0m \u001b[1m\u001b[94mvariant or associated item `Echo` not found for this enum\u001b[0m\n\u001b[1m\u001b[94m...\u001b[0m\n\u001b[1m\u001b[94m25\u001b[0m \u001b[1m\u001b[94m|\u001b[0m         Message::Echo(String::from(\"hello world\")),\n   \u001b[1m\u001b[94m|\u001b[0m                  \u001b[1m\u001b[91m^^^^\u001b[0m \u001b[1m\u001b[91mvariant or associated item not found in `Message`\u001b[0m\n\n"}
{"$message_type":"diagnostic","message":"no variant or associated item named `ChangeColor` found for enum `Message` in the current scope","code":{"code":"E0599","explanation":"This error occurs when a method is used on a type which doesn't implement it:\n\nErroneous code example:\n\n```compile_fail,E0599\nstruct Mouth;\n\nlet x = Mouth;\nx.chocolate(); // error: no method named `chocolate` found for type `Mouth`\n               //        in the current scope\n```\n\nIn this case, you need to implement the `chocolate` method to fix the error:\n\n```\nstruct Mouth;\n\nimpl Mouth {\n    fn chocolate(&self) { // We implement the `chocolate` method here.\n        println!(\"Hmmm! I love chocolate!\");\n    }\n}\n\nlet x = Mouth;\nx.chocolate(); // ok!\n```\n"},"level":"error","spans":[{"file_name":"exercises/08_enums/enums2.rs","byte_start":457,"byte_end":468,"line_start":26,"line_end":26,"column_start":18,"column_end":29,"is_primary":true,"text":[{"text":"        Message::ChangeColor(200, 255, 255),","highlight_start":18,"highlight_end":29}],"label":"variant or associated item not found in `Message`","suggested_replacement":null,"suggestion_applicability":null,"expansion":null},{"file_name":"exercises/08_enums/enums2.rs","byte_start":76,"byte_end":88,"line_start":8,"line_end":8,"column_start":1,"column_end":13,"is_primary":false,"text":[{"text":"enum Message {","highlight_start":1,"highlight_end":13}],"label":"variant or associated item `ChangeColor` not found for this enum","suggested_replacement":null,"suggestion_applicability":null,"expansion":null}],"children":[],"rendered":"\u001b[1m\u001b[91merror[E0599]\u001b[0m\u001b[1m: no variant or associated item named `ChangeColor` found for enum `Message` in the current scope\u001b[0m\n  \u001b[1m\u001b[94m--> \u001b[0mexercises/08_enums/enums2.rs:26:18\n   \u001b[1m\u001b[94m|\u001b[0m\n \u001b[1m\u001b[94m8\u001b[0m \u001b[1m\u001b[94m|\u001b[0m enum Message {\n   \u001b[1m\u001b[94m|\u001b[0m \u001b[1m\u001b[94m------------\u001b[0m \u001b[1m\u001b[94mvariant or associated item `ChangeColor` not found for this enum\u001b[0m\n\u001b[1m\u001b[94m...\u001b[0m\n\u001b[1m\u001b[94m26\u001b[0m \u001b[1m\u001b[94m|\u001b[0m         Message::ChangeColor(200, 255, 255),\n   \u001b[1m\u001b[94m|\u001b[0m                  \u001b[1m\u001b[91m^^^^^^^^^^^\u001b[0m \u001b[1m\u001b[91mvariant or associated item not found in `Message`\u001b[0m\n\n"}
{"$message_type":"diagnostic","message":"no variant or associated item named `Quit` found for enum `Message` in the current scope","code":{"code":"E0599","explanation":"This error occurs when a method is used on a type which doesn't implement it:\n\nErroneous code example:\n\n```compile_fail,E0599\nstruct Mouth;\n\nlet x = Mouth;\nx.chocolate(); // error: no method named `chocolate` found for type `Mouth`\n               //        in the current scope\n```\n\nIn this case, you need to implement the `chocolate` method to fix the error:\n\n```\nstruct Mouth;\n\nimpl Mouth {\n    fn chocolate(&self) { // We implement the `chocolate` method here.\n        println!(\"Hmmm! I love chocolate!\");\n    }\n}\n\nlet x = Mouth;\nx.chocolate(); // ok!\n```\n"},"level":"error","spans":[{"file_name":"exercises/08_enums/enums2.rs","byte_start":502,"byte_end":506,"line_start":27,"line_end":27,"column_start":18,"column_end":22,"is_primary":true,"text":[{"text":"        Message::Quit,","highlight_start":18,"highlight_end":22}],"label":"variant or associated item not found in `Message`","suggested_replacement":null,"suggestion_applicability":null,"expansion":null},{"file_name":"exercises/08_enums/enums2.rs","byte_start":76,"byte_end":88,"line_start":8,"line_end":8,"column_start":1,"column_end":13,"is_primary":false,"text":[{"text":"enum Message {","highlight_start":1,"highlight_end":13}],"label":"variant or associated item `Quit` not found for this enum","suggested_replacement":null,"suggestion_applicability":null,"expansion":null}],"children":[],"rendered":"\u001b[1m\u001b[91merror[E0599]\u001b[0m\u001b[1m: no variant or associated item named `Quit` found for enum `Message` in the current scope\u001b[0m\n  \u001b[1m\u001b[94m--> \u001b[0mexercises/08_enums/enums2.rs:27:18\n   \u001b[1m\u001b[94m|\u001b[0m\n \u001b[1m\u001b[94m8\u001b[0m \u001b[1m\u001b[94m|\u001b[0m enum Message {\n   \u001b[1m\u001b[94m|\u001b[0m \u001b[1m\u001b[94m------------\u001b[0m \u001b[1m\u001b[94mvariant or associated item `Quit` not found for this enum\u001b[0m\n\u001b[1m\u001b[94m...\u001b[0m\n\u001b[1m\u001b[94m27\u001b[0m \u001b[1m\u001b[94m|\u001b[0m         Message::Quit,\n   \u001b[1m\u001b[94m|\u001b[0m                  \u001b[1m\u001b[91m^^^^\u001b[0m \u001b[1m\u001b[91mvariant or associated item not found in `Message`\u001b[0m\n\n"}
{"$message_type":"diagnostic","message":"type annotations needed","code":{"code":"E0282","explanation":"The compiler could not infer a type and asked for a type annotation.\n\nErroneous code example:\n\n```compile_fail,E0282\nlet x = Vec::new();\n```\n\nThis error indicates that type inference did not result in one unique possible\ntype, and extra information is required. In most cases this can be provided\nby adding a type annotation. Sometimes you need to specify a generic type\nparameter manually.\n\nIn the example above, type `Vec` has a type parameter `T`. When calling\n`Vec::new`, barring any other later usage of the variable `x` that allows the\ncompiler to infer what type `T` is, the compiler needs to be told what it is.\n\nThe type can be specified on the variable:\n\n```\nlet x: Vec<i32> = Vec::new();\n```\n\nThe type can also be specified in the path of the expression:\n\n```\nlet x = Vec::<i32>::new();\n```\n\nIn cases with more complex types, it is not necessary to annotate the full\ntype. Once the ambiguity is resolved, the compiler can infer the rest:\n\n```\nlet x: Vec<_> = \"hello\".chars().rev().collect();\n```\n\nAnother way to provide the compiler with enough information, is to specify the\ngeneric type parameter:\n\n```\nlet x = \"hello\".chars().rev().collect::<Vec<char>>();\n```\n\nAgain, you need not specify the full type if the compiler can infer it:\n\n```\nlet x = \"hello\".chars().rev().collect::<Vec<_>>();\n```\n\nApart from a method or function with a generic type parameter, this error can\noccur when a type parameter of a struct or trait cannot be inferred. In that\ncase it is not always possible to use a type annotation, because all candidates\nhave the same return type. For instance:\n\n```compile_fail,E0282\nstruct Foo<T> {\n    num: T,\n}\n\nimpl<T> Foo<T> {\n    fn bar() -> i32 {\n        0\n    }\n\n    fn baz() {\n        let number = Foo::bar();\n    }\n}\n```\n\nThis will fail because the compiler does not know which instance of `Foo` to\ncall `bar` on. Change `Foo::bar()` to `Foo::<T>::bar()` to resolve the error.\n"},"level":"error","spans":[{"file_name":"exercises/08_enums/enums2.rs","byte_start":555,"byte_end":562,"line_start":31,"line_end":31,"column_start":9,"column_end":16,"is_primary":true,"text":[{"text":"        message.call();","highlight_start":9,"highlight_end":16}],"label":"cannot infer type","suggested_replacement":null,"suggestion_applicability":null,"expansion":null}],"children":[],"rendered":"\u001b[1m\u001b[91merror[E0282]\u001b[0m\u001b[1m: type annotations needed\u001b[0m\n  \u001b[1m\u001b[94m--> \u001b[0mexercises/08_enums/enums2.rs:31:9\n   \u001b[1m\u001b[94m|\u001b[0m\n\u001b[1m\u001b[94m31\u001b[0m \u001b[1m\u001b[94m|\u001b[0m         message.call();\n   \u001b[1m\u001b[94m|\u001b[0m         \u001b[1m\u001b[91m^^^^^^^\u001b[0m \u001b[1m\u001b[91mcannot infer type\u001b[0m\n\n"}
{"$message_type":"diagnostic","message":"aborting due to 6 previous errors","code":null,"level":"error","spans":[],"children":[],"rendered":"\u001b[1m\u001b[91merror\u001b[0m\u001b[1m: aborting due to 6 previous errors\u001b[0m\n\n"}
{"$message_type":"diagnostic","message":"Some errors have detailed explanations: E0282, E0599.","code":null,"level":"failure-note","spans":[],"children":[],"rendered":"\u001b[1mSome errors have detailed explanations: E0282, E0599.\u001b[0m\n"}
{"$message_type":"diagnostic","message":"For more information about an error, try `rustc --explain E0282`.","code":null,"level":"failure-note","spans":[],"children":[],"rendered":"\u001b[1mFor more information about an error, try `rustc --explain E0282`.\u001b[0m\n"}
